<?xml version="1.0" encoding="UTF-8"?>
<testng-results ignored="0" total="1" passed="1" failed="0" skipped="0">
  <reporter-output>
  </reporter-output>
  <suite started-at="2023-07-24T16:52:33 IST" name="Default suite" finished-at="2023-07-24T16:52:43 IST" duration-ms="9575">
    <groups>
    </groups>
    <test started-at="2023-07-24T16:52:33 IST" name="Default test" finished-at="2023-07-24T16:52:43 IST" duration-ms="9575">
      <class name="com.qatouch.apitestsync.GoogleTest">
        <test-method is-config="true" signature="openBrowser()[pri:0, instance:com.qatouch.apitestsync.GoogleTest@6caf0677]" started-at="2023-07-24T16:52:33 IST" name="openBrowser" finished-at="2023-07-24T16:52:41 IST" duration-ms="7696" status="PASS">
          <reporter-output>
          </reporter-output>
        </test-method> <!-- openBrowser -->
        <test-method signature="isSearchExist()[pri:0, instance:com.qatouch.apitestsync.GoogleTest@6caf0677]" started-at="2023-07-24T16:52:41 IST" name="isSearchExist" finished-at="2023-07-24T16:52:41 IST" duration-ms="112" status="PASS">
          <reporter-output>
          </reporter-output>
        </test-method> <!-- isSearchExist -->
        <test-method is-config="true" signature="addResultForTestCase(org.testng.ITestResult)[pri:0, instance:com.qatouch.apitestsync.GoogleTest@6caf0677]" started-at="2023-07-24T16:52:41 IST" name="addResultForTestCase" finished-at="2023-07-24T16:52:42 IST" duration-ms="1102" status="PASS">
          <params>
            <param index="0">
              <value>
                <![CDATA[[TestResult name=isSearchExist status=SUCCESS method=GoogleTest.isSearchExist()[pri:0, instance:com.qatouch.apitestsync.GoogleTest@6caf0677] output={null}]]]>
              </value>
            </param>
          </params>
          <reporter-output>
          </reporter-output>
        </test-method> <!-- addResultForTestCase -->
        <test-method is-config="true" signature="tearDown()[pri:0, instance:com.qatouch.apitestsync.GoogleTest@6caf0677]" started-at="2023-07-24T16:52:42 IST" name="tearDown" finished-at="2023-07-24T16:52:43 IST" duration-ms="568" status="PASS">
          <reporter-output>
          </reporter-output>
        </test-method> <!-- tearDown -->
      </class> <!-- com.qatouch.apitestsync.GoogleTest -->
    </test> <!-- Default test -->
  </suite> <!-- Default suite -->
</testng-results>
